<?xml version="1.0" encoding="UTF-8"?>
<!-- Generated by org.testng.reporters.JUnitReportReporter -->
<testsuite skipped="0" hostname="DESKTOP-KH19DBJ" name="sellershub.sellershubio.TestCase" tests="1" failures="0" timestamp="2022-03-22T22:00:35 IST" time="17.937" errors="0">
  <testcase name="testCase" time="17.937" classname="sellershub.sellershubio.TestCase"/>
  <system-out/>
</testsuite> <!-- sellershub.sellershubio.TestCase -->
