<?xml version="1.0" encoding="UTF-8"?>
<!-- Generated by org.testng.reporters.JUnitReportReporter -->
<testsuite hostname="DESKTOP-OEDCVN9" failures="0" tests="6" name="sellershub.sellershub.Inventory" time="221.406" errors="0" timestamp="2022-05-05T15:53:33 IST" skipped="0">
  <testcase classname="sellershub.sellershub.Inventory" name="addproduct" time="80.697"/>
  <system-out/>
  <testcase classname="sellershub.sellershub.Inventory" name="productspage" time="52.047"/>
  <system-out/>
  <testcase classname="sellershub.sellershub.Inventory" name="Categories" time="22.638"/>
  <system-out/>
  <testcase classname="sellershub.sellershub.Inventory" name="ChannelProducts" time="21.977"/>
  <system-out/>
  <testcase classname="sellershub.sellershub.Inventory" name="StockViewPage" time="22.202"/>
  <system-out/>
  <testcase classname="sellershub.sellershub.Inventory" name="PurchaseOrdersPage" time="21.845"/>
  <system-out/>
</testsuite> <!-- sellershub.sellershub.Inventory -->
