<?xml version="1.0" encoding="UTF-8"?>
<!-- Generated by org.testng.reporters.JUnitReportReporter -->
<testsuite hostname="DESKTOP-OEDCVN9" failures="0" tests="1" name="sellershub.sellershub.Orders" time="38.874" errors="0" timestamp="2022-05-09T16:40:51 IST" skipped="0">
  <testcase classname="sellershub.sellershub.Orders" name="OrderSummaryPage" time="38.874"/>
  <system-out>
    <![CDATA[Login into Sellershub.io
Click On Orders menu
Click On Orders Summary Page
Verify element visible]]>
  </system-out>
</testsuite> <!-- sellershub.sellershub.Orders -->
