<?xml version="1.0" encoding="UTF-8"?>
<!-- Generated by org.testng.reporters.JUnitReportReporter -->
<testsuite skipped="0" hostname="DESKTOP-KH19DBJ" name="sellershub.sellershub.generalMethods" tests="1" failures="0" timestamp="2022-03-23T22:03:52 IST" time="23.146" errors="0">
  <testcase name="testCase" time="23.146" classname="sellershub.sellershub.generalMethods"/>
  <system-out/>
</testsuite> <!-- sellershub.sellershub.generalMethods -->
