<?xml version="1.0" encoding="UTF-8"?>
<!-- Generated by org.testng.reporters.JUnitReportReporter -->
<testsuite skipped="0" hostname="DESKTOP-KH19DBJ" name="demoblazeversion1.demoblazeversion1.TestCase" tests="1" failures="0" timestamp="2022-02-23T01:03:35 IST" time="18.179" errors="0">
  <testcase name="testCase" time="18.179" classname="demoblazeversion1.demoblazeversion1.TestCase"/>
  <system-out/>
</testsuite> <!-- demoblazeversion1.demoblazeversion1.TestCase -->
